<html xmlns:math="http://exslt.org/math" xmlns:testng="http://testng.org">
   <head>
      <title>TestNG Results</title>
      <meta http-equiv="content-type" content="text/html; charset=utf-8"></meta>
      <meta http-equiv="pragma" content="no-cache"></meta>
      <meta http-equiv="cache-control" content="max-age=0"></meta>
      <meta http-equiv="cache-control" content="no-cache"></meta>
      <meta http-equiv="cache-control" content="no-store"></meta>
      <LINK rel="stylesheet" href="style.css"></LINK>
      <script type="text/javascript" src="main.js"></script>
   </head>
   <body>
      <table width="100%" style="font-size: 16px; margin-bottom: 10px;" cellspacing="1">
         <tr>
            <td width="100%">
               All methods in suite
               
               <b>Session Suite</b>
            </td>
            <td style="background-color: #FFBBBB; padding: 3px 3px 3px 0;" align="center">
               <div style="width: 50px;">1</div>
            </td>
            <td style="background-color: lightgreen; padding: 3px 3px 3px 0;" align="center">
               <div style="width: 50px;">2</div>
            </td>
            <td style="background-color: #FFFFBB; padding: 3px 3px 3px 0;" align="center">
               <div style="width: 50px;">1</div>
            </td>
            <td align="center" style="background-color: #eaf0f7; padding: 3px 3px 3px 0;">
               <div style="width: 50px;">4</div>
            </td>
            <td align="center"
                style="font-weight: bold; background-color: #eaf0f7; padding: 3px 3px 3px 0;">
               <div style="width: 50px;">50%</div>
            </td>
            <td style="background-color: #eaf0f7; padding: 3px 3px 3px 0;" align="center"
                nowrap="true">3m
               9s
               
            </td>
         </tr>
      </table>
      <div style="width: 200px;">
         <label for="groupMethodsCheckBox" style="font-weight: bold; margin: 0;">
            <input id="groupMethodsCheckBox" type="checkbox" onclick="switchTestMethodsView(this)"></input>
            Group by class
            
         </label>
         <br></br>
         <label for="methodsFilter_ALL" style="font-weight: bold; margin: 0;">
            <input id="methodsFilter_ALL" type="checkbox"
                   onclick="testMethodsFilterChanged(this, 'ALL')"></input>
            All
            
         </label>
      </div>
      <label for="methodsFilter_FAIL" style="margin-left: 20px;">
         <input id="methodsFilter_FAIL" type="checkbox"
                onclick="testMethodsFilterChanged(this, 'FAIL')"
                checked=""></input>
         Failed
         
      </label>
      <label for="methodsFilter_PASS">
         <input id="methodsFilter_PASS" type="checkbox"
                onclick="testMethodsFilterChanged(this, 'PASS')"
                checked=""></input>
         Passed
         
      </label>
      <label for="methodsFilter_SKIP">
         <input id="methodsFilter_SKIP" type="checkbox"
                onclick="testMethodsFilterChanged(this, 'SKIP')"
                checked=""></input>
         Skipped
         
      </label>
      <label for="methodsFilter_CONF">
         <input id="methodsFilter_CONF" type="checkbox"
                onclick="testMethodsFilterChanged(this, 'CONF')"></input>
         Config
         
      </label>
      <br></br>
      <div id="testMethodsByStatus">
         <table class="testMethodsTable" cellpadding="0" cellspacing="0">
            <tr class="methodsTableHeader">
               <td width="100%">Name</td>
               <td nowrap="true">Started</td>
               <td nowrap="true">Duration</td>
               <td>Exception</td>
            </tr>
            <tr id="com.hybrid.sessionsuite.MyOrdersTest_myOrdersTest_byStatus_failed_FAIL1_row"
                class="testMethodStatusFAIL">
               <td width="100%" class="firstMethodCell">
                  <a onclick="toggleDetailsVisibility('com.hybrid.sessionsuite.MyOrdersTest_myOrdersTest_byStatus_failed_FAIL1_details')">myOrdersTest({waitTime=15000, Runmode=Y, Browser=Chrome})</a>
               </td>
               <td nowrap="true">23:11:48</td>
               <td nowrap="true" align="right">57s
                  
               </td>
               <td nowrap="true">
                  <a onclick="toggleDetailsVisibility('com.hybrid.sessionsuite.MyOrdersTest_myOrdersTest_byStatus_failed_FAIL1_exception')">java.lang.NullPointerException: </a>
                   
                  
               </td>
            </tr>
            <tr>
               <td colspan="4" class="detailsBox">
                  <div id="com.hybrid.sessionsuite.MyOrdersTest_myOrdersTest_byStatus_failed_FAIL1_details"
                       class="testMethodDetails">
                     <div>
                        <b>Name: </b>myOrdersTest
                     </div>
                     <div>
                        <b>Signature: </b>myOrdersTest(java.util.Hashtable)[pri:0, instance:com.hybrid.sessionsuite.MyOrdersTest@1a2e526]
                     </div>
                     <div>
                        <b>Parameters: </b>
                        
                        {waitTime=15000, Runmode=Y, Browser=Chrome}
                        
                        
                     </div>
                     <div>
                        <b>Start time: </b>23:11:48
                     </div>
                     <div>
                        <b>End time: </b>23:12:45
                     </div>
                     <div>
                        <b>Duration: </b>57s
                        
                     </div>
                  </div>
               </td>
            </tr>
            <tr>
               <td colspan="4" class="detailsBox">
                  <div id="com.hybrid.sessionsuite.MyOrdersTest_myOrdersTest_byStatus_failed_FAIL1_exception"
                       class="testMethodDetails">
                     <pre style="padding: 5px; margin: 0;">java.lang.NullPointerException
                        	at com.hybrid.AppKeywords.login(AppKeywords.java:22)
                        	at com.hybrid.AppKeywords.defaultLogin(AppKeywords.java:36)
                        	at com.hybrid.Keywords.executeKeywords(Keywords.java:61)
                        	at com.hybrid.sessionsuite.MyOrdersTest.myOrdersTest(MyOrdersTest.java:44)
                        	at sun.reflect.NativeMethodAccessorImpl.invoke0(Native Method)
                        	at sun.reflect.NativeMethodAccessorImpl.invoke(NativeMethodAccessorImpl.java:62)
                        	at sun.reflect.DelegatingMethodAccessorImpl.invoke(DelegatingMethodAccessorImpl.java:43)
                        	at java.lang.reflect.Method.invoke(Method.java:483)
                        	at org.testng.internal.MethodInvocationHelper.invokeMethod(MethodInvocationHelper.java:85)
                        	at org.testng.internal.Invoker.invokeMethod(Invoker.java:639)
                        	at org.testng.internal.Invoker.invokeTestMethod(Invoker.java:821)
                        	at org.testng.internal.Invoker.invokeTestMethods(Invoker.java:1131)
                        	at org.testng.internal.TestMethodWorker.invokeTestMethods(TestMethodWorker.java:124)
                        	at org.testng.internal.TestMethodWorker.run(TestMethodWorker.java:108)
                        	at org.testng.TestRunner.privateRun(TestRunner.java:773)
                        	at org.testng.TestRunner.run(TestRunner.java:623)
                        	at org.testng.SuiteRunner.runTest(SuiteRunner.java:357)
                        	at org.testng.SuiteRunner.access$000(SuiteRunner.java:39)
                        	at org.testng.SuiteRunner$SuiteWorker.run(SuiteRunner.java:391)
                        	at org.testng.internal.thread.ThreadUtil$2.call(ThreadUtil.java:64)
                        	at java.util.concurrent.FutureTask.run(FutureTask.java:266)
                        	at java.util.concurrent.ThreadPoolExecutor.runWorker(ThreadPoolExecutor.java:1142)
                        	at java.util.concurrent.ThreadPoolExecutor$Worker.run(ThreadPoolExecutor.java:617)
                        	at java.lang.Thread.run(Thread.java:745)
                     </pre>
                  </div>
               </td>
            </tr>
            <tr id="com.hybrid.sessionsuite.LoginTest_init_byStatus_passed_PASS1_row"
                class="testMethodStatusPASS testMethodStatusCONF">
               <td width="100%" class="firstMethodCell">
                  <a onclick="toggleDetailsVisibility('com.hybrid.sessionsuite.LoginTest_init_byStatus_passed_PASS1_details')">init()</a>
               </td>
               <td nowrap="true">23:09:37</td>
               <td nowrap="true" align="right">2s
                  
               </td>
               <td nowrap="true">
                   
                  
               </td>
            </tr>
            <tr>
               <td colspan="4" class="detailsBox">
                  <div id="com.hybrid.sessionsuite.LoginTest_init_byStatus_passed_PASS1_details"
                       class="testMethodDetails">
                     <div>
                        <b>Name: </b>init
                     </div>
                     <div>
                        <b>Signature: </b>init()[pri:0, instance:com.hybrid.sessionsuite.LoginTest@115667d]
                     </div>
                     <div>
                        <b>Start time: </b>23:09:37
                     </div>
                     <div>
                        <b>End time: </b>23:09:39
                     </div>
                     <div>
                        <b>Duration: </b>2s
                        
                     </div>
                  </div>
               </td>
            </tr>
            <tr></tr>
            <tr id="com.hybrid.sessionsuite.LoginTest_loginTest_byStatus_passed_PASS2_row"
                class="testMethodStatusPASS">
               <td width="100%" class="firstMethodCell">
                  <a onclick="toggleDetailsVisibility('com.hybrid.sessionsuite.LoginTest_loginTest_byStatus_passed_PASS2_details')">loginTest({Username=sunnytokhi@gmail.com, ExpectedResult=Success, Password=maxpayne, Runmode=Y, Browser=Chrome})</a>
               </td>
               <td nowrap="true">23:09:39</td>
               <td nowrap="true" align="right">1m
                  8s
                  
               </td>
               <td nowrap="true">
                   
                  
               </td>
            </tr>
            <tr>
               <td colspan="4" class="detailsBox">
                  <div id="com.hybrid.sessionsuite.LoginTest_loginTest_byStatus_passed_PASS2_details"
                       class="testMethodDetails">
                     <div>
                        <b>Name: </b>loginTest
                     </div>
                     <div>
                        <b>Signature: </b>loginTest(java.util.Hashtable)[pri:0, instance:com.hybrid.sessionsuite.LoginTest@115667d]
                     </div>
                     <div>
                        <b>Parameters: </b>
                        
                        {Username=sunnytokhi@gmail.com, ExpectedResult=Success, Password=maxpayne, Runmode=Y, Browser=Chrome}
                        
                        
                     </div>
                     <div>
                        <b>Start time: </b>23:09:39
                     </div>
                     <div>
                        <b>End time: </b>23:10:47
                     </div>
                     <div>
                        <b>Duration: </b>1m
                        8s
                        
                     </div>
                  </div>
               </td>
            </tr>
            <tr></tr>
            <tr id="com.hybrid.sessionsuite.LoginTest_quit_byStatus_passed_PASS3_row"
                class="testMethodStatusPASS testMethodStatusCONF">
               <td width="100%" class="firstMethodCell">
                  <a onclick="toggleDetailsVisibility('com.hybrid.sessionsuite.LoginTest_quit_byStatus_passed_PASS3_details')">quit()</a>
               </td>
               <td nowrap="true">23:10:47</td>
               <td nowrap="true" align="right">1s
                  
               </td>
               <td nowrap="true">
                   
                  
               </td>
            </tr>
            <tr>
               <td colspan="4" class="detailsBox">
                  <div id="com.hybrid.sessionsuite.LoginTest_quit_byStatus_passed_PASS3_details"
                       class="testMethodDetails">
                     <div>
                        <b>Name: </b>quit
                     </div>
                     <div>
                        <b>Signature: </b>quit()[pri:0, instance:com.hybrid.sessionsuite.LoginTest@115667d]
                     </div>
                     <div>
                        <b>Start time: </b>23:10:47
                     </div>
                     <div>
                        <b>End time: </b>23:10:48
                     </div>
                     <div>
                        <b>Duration: </b>1s
                        
                     </div>
                  </div>
               </td>
            </tr>
            <tr></tr>
            <tr id="com.hybrid.sessionsuite.LoginTest_quit_byStatus_passed_PASS4_row"
                class="testMethodStatusPASS testMethodStatusCONF">
               <td width="100%" class="firstMethodCell">
                  <a onclick="toggleDetailsVisibility('com.hybrid.sessionsuite.LoginTest_quit_byStatus_passed_PASS4_details')">quit()</a>
               </td>
               <td nowrap="true">23:10:48</td>
               <td nowrap="true" align="right">143 ms
                  
               </td>
               <td nowrap="true">
                   
                  
               </td>
            </tr>
            <tr>
               <td colspan="4" class="detailsBox">
                  <div id="com.hybrid.sessionsuite.LoginTest_quit_byStatus_passed_PASS4_details"
                       class="testMethodDetails">
                     <div>
                        <b>Name: </b>quit
                     </div>
                     <div>
                        <b>Signature: </b>quit()[pri:0, instance:com.hybrid.sessionsuite.LoginTest@115667d]
                     </div>
                     <div>
                        <b>Start time: </b>23:10:48
                     </div>
                     <div>
                        <b>End time: </b>23:10:49
                     </div>
                     <div>
                        <b>Duration: </b>143 ms
                        
                     </div>
                  </div>
               </td>
            </tr>
            <tr></tr>
            <tr id="com.hybrid.sessionsuite.MyOrdersTest_init_byStatus_passed_PASS5_row"
                class="testMethodStatusPASS testMethodStatusCONF">
               <td width="100%" class="firstMethodCell">
                  <a onclick="toggleDetailsVisibility('com.hybrid.sessionsuite.MyOrdersTest_init_byStatus_passed_PASS5_details')">init()</a>
               </td>
               <td nowrap="true">23:09:37</td>
               <td nowrap="true" align="right">2s
                  
               </td>
               <td nowrap="true">
                   
                  
               </td>
            </tr>
            <tr>
               <td colspan="4" class="detailsBox">
                  <div id="com.hybrid.sessionsuite.MyOrdersTest_init_byStatus_passed_PASS5_details"
                       class="testMethodDetails">
                     <div>
                        <b>Name: </b>init
                     </div>
                     <div>
                        <b>Signature: </b>init()[pri:0, instance:com.hybrid.sessionsuite.MyOrdersTest@1a2e526]
                     </div>
                     <div>
                        <b>Start time: </b>23:09:37
                     </div>
                     <div>
                        <b>End time: </b>23:09:39
                     </div>
                     <div>
                        <b>Duration: </b>2s
                        
                     </div>
                  </div>
               </td>
            </tr>
            <tr></tr>
            <tr id="com.hybrid.sessionsuite.MyOrdersTest_myOrdersTest_byStatus_passed_PASS6_row"
                class="testMethodStatusPASS">
               <td width="100%" class="firstMethodCell">
                  <a onclick="toggleDetailsVisibility('com.hybrid.sessionsuite.MyOrdersTest_myOrdersTest_byStatus_passed_PASS6_details')">myOrdersTest({waitTime=15000, Runmode=Y, Browser=Chrome})</a>
               </td>
               <td nowrap="true">23:09:39</td>
               <td nowrap="true" align="right">2m
                  7s
                  
               </td>
               <td nowrap="true">
                   
                  
               </td>
            </tr>
            <tr>
               <td colspan="4" class="detailsBox">
                  <div id="com.hybrid.sessionsuite.MyOrdersTest_myOrdersTest_byStatus_passed_PASS6_details"
                       class="testMethodDetails">
                     <div>
                        <b>Name: </b>myOrdersTest
                     </div>
                     <div>
                        <b>Signature: </b>myOrdersTest(java.util.Hashtable)[pri:0, instance:com.hybrid.sessionsuite.MyOrdersTest@1a2e526]
                     </div>
                     <div>
                        <b>Parameters: </b>
                        
                        {waitTime=15000, Runmode=Y, Browser=Chrome}
                        
                        
                     </div>
                     <div>
                        <b>Start time: </b>23:09:39
                     </div>
                     <div>
                        <b>End time: </b>23:11:46
                     </div>
                     <div>
                        <b>Duration: </b>2m
                        7s
                        
                     </div>
                  </div>
               </td>
            </tr>
            <tr></tr>
            <tr id="com.hybrid.sessionsuite.MyOrdersTest_quit_byStatus_passed_PASS7_row"
                class="testMethodStatusPASS testMethodStatusCONF">
               <td width="100%" class="firstMethodCell">
                  <a onclick="toggleDetailsVisibility('com.hybrid.sessionsuite.MyOrdersTest_quit_byStatus_passed_PASS7_details')">quit()</a>
               </td>
               <td nowrap="true">23:11:46</td>
               <td nowrap="true" align="right">2s
                  
               </td>
               <td nowrap="true">
                   
                  
               </td>
            </tr>
            <tr>
               <td colspan="4" class="detailsBox">
                  <div id="com.hybrid.sessionsuite.MyOrdersTest_quit_byStatus_passed_PASS7_details"
                       class="testMethodDetails">
                     <div>
                        <b>Name: </b>quit
                     </div>
                     <div>
                        <b>Signature: </b>quit()[pri:0, instance:com.hybrid.sessionsuite.MyOrdersTest@1a2e526]
                     </div>
                     <div>
                        <b>Start time: </b>23:11:46
                     </div>
                     <div>
                        <b>End time: </b>23:11:48
                     </div>
                     <div>
                        <b>Duration: </b>2s
                        
                     </div>
                  </div>
               </td>
            </tr>
            <tr></tr>
            <tr id="com.hybrid.sessionsuite.MyOrdersTest_quit_byStatus_passed_PASS8_row"
                class="testMethodStatusPASS testMethodStatusCONF">
               <td width="100%" class="firstMethodCell">
                  <a onclick="toggleDetailsVisibility('com.hybrid.sessionsuite.MyOrdersTest_quit_byStatus_passed_PASS8_details')">quit()</a>
               </td>
               <td nowrap="true">23:12:45</td>
               <td nowrap="true" align="right">1s
                  
               </td>
               <td nowrap="true">
                   
                  
               </td>
            </tr>
            <tr>
               <td colspan="4" class="detailsBox">
                  <div id="com.hybrid.sessionsuite.MyOrdersTest_quit_byStatus_passed_PASS8_details"
                       class="testMethodDetails">
                     <div>
                        <b>Name: </b>quit
                     </div>
                     <div>
                        <b>Signature: </b>quit()[pri:0, instance:com.hybrid.sessionsuite.MyOrdersTest@1a2e526]
                     </div>
                     <div>
                        <b>Start time: </b>23:12:45
                     </div>
                     <div>
                        <b>End time: </b>23:12:46
                     </div>
                     <div>
                        <b>Duration: </b>1s
                        
                     </div>
                  </div>
               </td>
            </tr>
            <tr></tr>
            <tr id="com.hybrid.sessionsuite.LoginTest_loginTest_byStatus_skiped_SKIP1_row"
                class="testMethodStatusSKIP">
               <td width="100%" class="firstMethodCell">
                  <a onclick="toggleDetailsVisibility('com.hybrid.sessionsuite.LoginTest_loginTest_byStatus_skiped_SKIP1_details')">loginTest({Username=u1, ExpectedResult=Success, Password=p1, Runmode=N, Browser=Chrome})</a>
               </td>
               <td nowrap="true">23:10:48</td>
               <td nowrap="true" align="right">1 ms
                  
               </td>
               <td nowrap="true">
                  <a onclick="toggleDetailsVisibility('com.hybrid.sessionsuite.LoginTest_loginTest_byStatus_skiped_SKIP1_exception')">org.testng.SkipException: 
                     Skipping test as runmode is N
                     
                  </a>
                   
                  
               </td>
            </tr>
            <tr>
               <td colspan="4" class="detailsBox">
                  <div id="com.hybrid.sessionsuite.LoginTest_loginTest_byStatus_skiped_SKIP1_details"
                       class="testMethodDetails">
                     <div>
                        <b>Name: </b>loginTest
                     </div>
                     <div>
                        <b>Signature: </b>loginTest(java.util.Hashtable)[pri:0, instance:com.hybrid.sessionsuite.LoginTest@115667d]
                     </div>
                     <div>
                        <b>Parameters: </b>
                        
                        {Username=u1, ExpectedResult=Success, Password=p1, Runmode=N, Browser=Chrome}
                        
                        
                     </div>
                     <div>
                        <b>Start time: </b>23:10:48
                     </div>
                     <div>
                        <b>End time: </b>23:10:48
                     </div>
                     <div>
                        <b>Duration: </b>1 ms
                        
                     </div>
                  </div>
               </td>
            </tr>
            <tr>
               <td colspan="4" class="detailsBox">
                  <div id="com.hybrid.sessionsuite.LoginTest_loginTest_byStatus_skiped_SKIP1_exception"
                       class="testMethodDetails">
                     <pre style="padding: 5px; margin: 0;">org.testng.SkipException: Skipping test as runmode is N
                        	at com.hybrid.sessionsuite.LoginTest.loginTest(LoginTest.java:36)
                        	at sun.reflect.NativeMethodAccessorImpl.invoke0(Native Method)
                        	at sun.reflect.NativeMethodAccessorImpl.invoke(NativeMethodAccessorImpl.java:62)
                        	at sun.reflect.DelegatingMethodAccessorImpl.invoke(DelegatingMethodAccessorImpl.java:43)
                        	at java.lang.reflect.Method.invoke(Method.java:483)
                        	at org.testng.internal.MethodInvocationHelper.invokeMethod(MethodInvocationHelper.java:85)
                        	at org.testng.internal.Invoker.invokeMethod(Invoker.java:639)
                        	at org.testng.internal.Invoker.invokeTestMethod(Invoker.java:821)
                        	at org.testng.internal.Invoker.invokeTestMethods(Invoker.java:1131)
                        	at org.testng.internal.TestMethodWorker.invokeTestMethods(TestMethodWorker.java:124)
                        	at org.testng.internal.TestMethodWorker.run(TestMethodWorker.java:108)
                        	at org.testng.TestRunner.privateRun(TestRunner.java:773)
                        	at org.testng.TestRunner.run(TestRunner.java:623)
                        	at org.testng.SuiteRunner.runTest(SuiteRunner.java:357)
                        	at org.testng.SuiteRunner.access$000(SuiteRunner.java:39)
                        	at org.testng.SuiteRunner$SuiteWorker.run(SuiteRunner.java:391)
                        	at org.testng.internal.thread.ThreadUtil$2.call(ThreadUtil.java:64)
                        	at java.util.concurrent.FutureTask.run(FutureTask.java:266)
                        	at java.util.concurrent.ThreadPoolExecutor.runWorker(ThreadPoolExecutor.java:1142)
                        	at java.util.concurrent.ThreadPoolExecutor$Worker.run(ThreadPoolExecutor.java:617)
                        	at java.lang.Thread.run(Thread.java:745)
                     </pre>
                  </div>
               </td>
            </tr>
         </table>
      </div>
      <div id="testMethodsByClass" style="display: none;">
         <table class="testMethodsTable" cellpadding="0" cellspacing="0">
            <tr>
               <td colspan="4">
                  <h3 style="display: inline;">com.hybrid.sessionsuite.LoginTest</h3>
               </td>
            </tr>
            <tr class="methodsTableHeader">
               <td width="100%">Name</td>
               <td nowrap="true">Started</td>
               <td nowrap="true">Duration</td>
               <td>Exception</td>
            </tr>
            <tr id="com.hybrid.sessionsuite.LoginTest_init_byClass_PASS1_row"
                class="testMethodStatusPASS testMethodStatusCONF">
               <td width="100%" class="firstMethodCell">
                  <a onclick="toggleDetailsVisibility('com.hybrid.sessionsuite.LoginTest_init_byClass_PASS1_details')">init()</a>
               </td>
               <td nowrap="true">23:09:37</td>
               <td nowrap="true" align="right">2s
                  
               </td>
               <td nowrap="true">
                   
                  
               </td>
            </tr>
            <tr>
               <td colspan="4" class="detailsBox">
                  <div id="com.hybrid.sessionsuite.LoginTest_init_byClass_PASS1_details"
                       class="testMethodDetails">
                     <div>
                        <b>Name: </b>init
                     </div>
                     <div>
                        <b>Signature: </b>init()[pri:0, instance:com.hybrid.sessionsuite.LoginTest@115667d]
                     </div>
                     <div>
                        <b>Start time: </b>23:09:37
                     </div>
                     <div>
                        <b>End time: </b>23:09:39
                     </div>
                     <div>
                        <b>Duration: </b>2s
                        
                     </div>
                  </div>
               </td>
            </tr>
            <tr></tr>
            <tr id="com.hybrid.sessionsuite.LoginTest_loginTest_byClass_PASS2_row"
                class="testMethodStatusPASS">
               <td width="100%" class="firstMethodCell">
                  <a onclick="toggleDetailsVisibility('com.hybrid.sessionsuite.LoginTest_loginTest_byClass_PASS2_details')">loginTest({Username=sunnytokhi@gmail.com, ExpectedResult=Success, Password=maxpayne, Runmode=Y, Browser=Chrome})</a>
               </td>
               <td nowrap="true">23:09:39</td>
               <td nowrap="true" align="right">1m
                  8s
                  
               </td>
               <td nowrap="true">
                   
                  
               </td>
            </tr>
            <tr>
               <td colspan="4" class="detailsBox">
                  <div id="com.hybrid.sessionsuite.LoginTest_loginTest_byClass_PASS2_details"
                       class="testMethodDetails">
                     <div>
                        <b>Name: </b>loginTest
                     </div>
                     <div>
                        <b>Signature: </b>loginTest(java.util.Hashtable)[pri:0, instance:com.hybrid.sessionsuite.LoginTest@115667d]
                     </div>
                     <div>
                        <b>Parameters: </b>
                        
                        {Username=sunnytokhi@gmail.com, ExpectedResult=Success, Password=maxpayne, Runmode=Y, Browser=Chrome}
                        
                        
                     </div>
                     <div>
                        <b>Start time: </b>23:09:39
                     </div>
                     <div>
                        <b>End time: </b>23:10:47
                     </div>
                     <div>
                        <b>Duration: </b>1m
                        8s
                        
                     </div>
                  </div>
               </td>
            </tr>
            <tr></tr>
            <tr id="com.hybrid.sessionsuite.LoginTest_quit_byClass_PASS3_row"
                class="testMethodStatusPASS testMethodStatusCONF">
               <td width="100%" class="firstMethodCell">
                  <a onclick="toggleDetailsVisibility('com.hybrid.sessionsuite.LoginTest_quit_byClass_PASS3_details')">quit()</a>
               </td>
               <td nowrap="true">23:10:47</td>
               <td nowrap="true" align="right">1s
                  
               </td>
               <td nowrap="true">
                   
                  
               </td>
            </tr>
            <tr>
               <td colspan="4" class="detailsBox">
                  <div id="com.hybrid.sessionsuite.LoginTest_quit_byClass_PASS3_details"
                       class="testMethodDetails">
                     <div>
                        <b>Name: </b>quit
                     </div>
                     <div>
                        <b>Signature: </b>quit()[pri:0, instance:com.hybrid.sessionsuite.LoginTest@115667d]
                     </div>
                     <div>
                        <b>Start time: </b>23:10:47
                     </div>
                     <div>
                        <b>End time: </b>23:10:48
                     </div>
                     <div>
                        <b>Duration: </b>1s
                        
                     </div>
                  </div>
               </td>
            </tr>
            <tr></tr>
            <tr id="com.hybrid.sessionsuite.LoginTest_loginTest_byClass_SKIP4_row"
                class="testMethodStatusSKIP">
               <td width="100%" class="firstMethodCell">
                  <a onclick="toggleDetailsVisibility('com.hybrid.sessionsuite.LoginTest_loginTest_byClass_SKIP4_details')">loginTest({Username=u1, ExpectedResult=Success, Password=p1, Runmode=N, Browser=Chrome})</a>
               </td>
               <td nowrap="true">23:10:48</td>
               <td nowrap="true" align="right">1 ms
                  
               </td>
               <td nowrap="true">
                  <a onclick="toggleDetailsVisibility('com.hybrid.sessionsuite.LoginTest_loginTest_byClass_SKIP4_exception')">org.testng.SkipException: 
                     Skipping test as runmode is N
                     
                  </a>
                   
                  
               </td>
            </tr>
            <tr>
               <td colspan="4" class="detailsBox">
                  <div id="com.hybrid.sessionsuite.LoginTest_loginTest_byClass_SKIP4_details"
                       class="testMethodDetails">
                     <div>
                        <b>Name: </b>loginTest
                     </div>
                     <div>
                        <b>Signature: </b>loginTest(java.util.Hashtable)[pri:0, instance:com.hybrid.sessionsuite.LoginTest@115667d]
                     </div>
                     <div>
                        <b>Parameters: </b>
                        
                        {Username=u1, ExpectedResult=Success, Password=p1, Runmode=N, Browser=Chrome}
                        
                        
                     </div>
                     <div>
                        <b>Start time: </b>23:10:48
                     </div>
                     <div>
                        <b>End time: </b>23:10:48
                     </div>
                     <div>
                        <b>Duration: </b>1 ms
                        
                     </div>
                  </div>
               </td>
            </tr>
            <tr>
               <td colspan="4" class="detailsBox">
                  <div id="com.hybrid.sessionsuite.LoginTest_loginTest_byClass_SKIP4_exception"
                       class="testMethodDetails">
                     <pre style="padding: 5px; margin: 0;">org.testng.SkipException: Skipping test as runmode is N
                        	at com.hybrid.sessionsuite.LoginTest.loginTest(LoginTest.java:36)
                        	at sun.reflect.NativeMethodAccessorImpl.invoke0(Native Method)
                        	at sun.reflect.NativeMethodAccessorImpl.invoke(NativeMethodAccessorImpl.java:62)
                        	at sun.reflect.DelegatingMethodAccessorImpl.invoke(DelegatingMethodAccessorImpl.java:43)
                        	at java.lang.reflect.Method.invoke(Method.java:483)
                        	at org.testng.internal.MethodInvocationHelper.invokeMethod(MethodInvocationHelper.java:85)
                        	at org.testng.internal.Invoker.invokeMethod(Invoker.java:639)
                        	at org.testng.internal.Invoker.invokeTestMethod(Invoker.java:821)
                        	at org.testng.internal.Invoker.invokeTestMethods(Invoker.java:1131)
                        	at org.testng.internal.TestMethodWorker.invokeTestMethods(TestMethodWorker.java:124)
                        	at org.testng.internal.TestMethodWorker.run(TestMethodWorker.java:108)
                        	at org.testng.TestRunner.privateRun(TestRunner.java:773)
                        	at org.testng.TestRunner.run(TestRunner.java:623)
                        	at org.testng.SuiteRunner.runTest(SuiteRunner.java:357)
                        	at org.testng.SuiteRunner.access$000(SuiteRunner.java:39)
                        	at org.testng.SuiteRunner$SuiteWorker.run(SuiteRunner.java:391)
                        	at org.testng.internal.thread.ThreadUtil$2.call(ThreadUtil.java:64)
                        	at java.util.concurrent.FutureTask.run(FutureTask.java:266)
                        	at java.util.concurrent.ThreadPoolExecutor.runWorker(ThreadPoolExecutor.java:1142)
                        	at java.util.concurrent.ThreadPoolExecutor$Worker.run(ThreadPoolExecutor.java:617)
                        	at java.lang.Thread.run(Thread.java:745)
                     </pre>
                  </div>
               </td>
            </tr>
            <tr id="com.hybrid.sessionsuite.LoginTest_quit_byClass_PASS5_row"
                class="testMethodStatusPASS testMethodStatusCONF">
               <td width="100%" class="firstMethodCell">
                  <a onclick="toggleDetailsVisibility('com.hybrid.sessionsuite.LoginTest_quit_byClass_PASS5_details')">quit()</a>
               </td>
               <td nowrap="true">23:10:48</td>
               <td nowrap="true" align="right">143 ms
                  
               </td>
               <td nowrap="true">
                   
                  
               </td>
            </tr>
            <tr>
               <td colspan="4" class="detailsBox">
                  <div id="com.hybrid.sessionsuite.LoginTest_quit_byClass_PASS5_details"
                       class="testMethodDetails">
                     <div>
                        <b>Name: </b>quit
                     </div>
                     <div>
                        <b>Signature: </b>quit()[pri:0, instance:com.hybrid.sessionsuite.LoginTest@115667d]
                     </div>
                     <div>
                        <b>Start time: </b>23:10:48
                     </div>
                     <div>
                        <b>End time: </b>23:10:49
                     </div>
                     <div>
                        <b>Duration: </b>143 ms
                        
                     </div>
                  </div>
               </td>
            </tr>
            <tr></tr>
         </table>
         <br></br>
         <table class="testMethodsTable" cellpadding="0" cellspacing="0">
            <tr>
               <td colspan="4">
                  <h3 style="display: inline;">com.hybrid.sessionsuite.MyOrdersTest</h3>
               </td>
            </tr>
            <tr class="methodsTableHeader">
               <td width="100%">Name</td>
               <td nowrap="true">Started</td>
               <td nowrap="true">Duration</td>
               <td>Exception</td>
            </tr>
            <tr id="com.hybrid.sessionsuite.MyOrdersTest_init_byClass_PASS1_row"
                class="testMethodStatusPASS testMethodStatusCONF">
               <td width="100%" class="firstMethodCell">
                  <a onclick="toggleDetailsVisibility('com.hybrid.sessionsuite.MyOrdersTest_init_byClass_PASS1_details')">init()</a>
               </td>
               <td nowrap="true">23:09:37</td>
               <td nowrap="true" align="right">2s
                  
               </td>
               <td nowrap="true">
                   
                  
               </td>
            </tr>
            <tr>
               <td colspan="4" class="detailsBox">
                  <div id="com.hybrid.sessionsuite.MyOrdersTest_init_byClass_PASS1_details"
                       class="testMethodDetails">
                     <div>
                        <b>Name: </b>init
                     </div>
                     <div>
                        <b>Signature: </b>init()[pri:0, instance:com.hybrid.sessionsuite.MyOrdersTest@1a2e526]
                     </div>
                     <div>
                        <b>Start time: </b>23:09:37
                     </div>
                     <div>
                        <b>End time: </b>23:09:39
                     </div>
                     <div>
                        <b>Duration: </b>2s
                        
                     </div>
                  </div>
               </td>
            </tr>
            <tr></tr>
            <tr id="com.hybrid.sessionsuite.MyOrdersTest_myOrdersTest_byClass_PASS2_row"
                class="testMethodStatusPASS">
               <td width="100%" class="firstMethodCell">
                  <a onclick="toggleDetailsVisibility('com.hybrid.sessionsuite.MyOrdersTest_myOrdersTest_byClass_PASS2_details')">myOrdersTest({waitTime=15000, Runmode=Y, Browser=Chrome})</a>
               </td>
               <td nowrap="true">23:09:39</td>
               <td nowrap="true" align="right">2m
                  7s
                  
               </td>
               <td nowrap="true">
                   
                  
               </td>
            </tr>
            <tr>
               <td colspan="4" class="detailsBox">
                  <div id="com.hybrid.sessionsuite.MyOrdersTest_myOrdersTest_byClass_PASS2_details"
                       class="testMethodDetails">
                     <div>
                        <b>Name: </b>myOrdersTest
                     </div>
                     <div>
                        <b>Signature: </b>myOrdersTest(java.util.Hashtable)[pri:0, instance:com.hybrid.sessionsuite.MyOrdersTest@1a2e526]
                     </div>
                     <div>
                        <b>Parameters: </b>
                        
                        {waitTime=15000, Runmode=Y, Browser=Chrome}
                        
                        
                     </div>
                     <div>
                        <b>Start time: </b>23:09:39
                     </div>
                     <div>
                        <b>End time: </b>23:11:46
                     </div>
                     <div>
                        <b>Duration: </b>2m
                        7s
                        
                     </div>
                  </div>
               </td>
            </tr>
            <tr></tr>
            <tr id="com.hybrid.sessionsuite.MyOrdersTest_quit_byClass_PASS3_row"
                class="testMethodStatusPASS testMethodStatusCONF">
               <td width="100%" class="firstMethodCell">
                  <a onclick="toggleDetailsVisibility('com.hybrid.sessionsuite.MyOrdersTest_quit_byClass_PASS3_details')">quit()</a>
               </td>
               <td nowrap="true">23:11:46</td>
               <td nowrap="true" align="right">2s
                  
               </td>
               <td nowrap="true">
                   
                  
               </td>
            </tr>
            <tr>
               <td colspan="4" class="detailsBox">
                  <div id="com.hybrid.sessionsuite.MyOrdersTest_quit_byClass_PASS3_details"
                       class="testMethodDetails">
                     <div>
                        <b>Name: </b>quit
                     </div>
                     <div>
                        <b>Signature: </b>quit()[pri:0, instance:com.hybrid.sessionsuite.MyOrdersTest@1a2e526]
                     </div>
                     <div>
                        <b>Start time: </b>23:11:46
                     </div>
                     <div>
                        <b>End time: </b>23:11:48
                     </div>
                     <div>
                        <b>Duration: </b>2s
                        
                     </div>
                  </div>
               </td>
            </tr>
            <tr></tr>
            <tr id="com.hybrid.sessionsuite.MyOrdersTest_myOrdersTest_byClass_FAIL4_row"
                class="testMethodStatusFAIL">
               <td width="100%" class="firstMethodCell">
                  <a onclick="toggleDetailsVisibility('com.hybrid.sessionsuite.MyOrdersTest_myOrdersTest_byClass_FAIL4_details')">myOrdersTest({waitTime=15000, Runmode=Y, Browser=Chrome})</a>
               </td>
               <td nowrap="true">23:11:48</td>
               <td nowrap="true" align="right">57s
                  
               </td>
               <td nowrap="true">
                  <a onclick="toggleDetailsVisibility('com.hybrid.sessionsuite.MyOrdersTest_myOrdersTest_byClass_FAIL4_exception')">java.lang.NullPointerException: </a>
                   
                  
               </td>
            </tr>
            <tr>
               <td colspan="4" class="detailsBox">
                  <div id="com.hybrid.sessionsuite.MyOrdersTest_myOrdersTest_byClass_FAIL4_details"
                       class="testMethodDetails">
                     <div>
                        <b>Name: </b>myOrdersTest
                     </div>
                     <div>
                        <b>Signature: </b>myOrdersTest(java.util.Hashtable)[pri:0, instance:com.hybrid.sessionsuite.MyOrdersTest@1a2e526]
                     </div>
                     <div>
                        <b>Parameters: </b>
                        
                        {waitTime=15000, Runmode=Y, Browser=Chrome}
                        
                        
                     </div>
                     <div>
                        <b>Start time: </b>23:11:48
                     </div>
                     <div>
                        <b>End time: </b>23:12:45
                     </div>
                     <div>
                        <b>Duration: </b>57s
                        
                     </div>
                  </div>
               </td>
            </tr>
            <tr>
               <td colspan="4" class="detailsBox">
                  <div id="com.hybrid.sessionsuite.MyOrdersTest_myOrdersTest_byClass_FAIL4_exception"
                       class="testMethodDetails">
                     <pre style="padding: 5px; margin: 0;">java.lang.NullPointerException
                        	at com.hybrid.AppKeywords.login(AppKeywords.java:22)
                        	at com.hybrid.AppKeywords.defaultLogin(AppKeywords.java:36)
                        	at com.hybrid.Keywords.executeKeywords(Keywords.java:61)
                        	at com.hybrid.sessionsuite.MyOrdersTest.myOrdersTest(MyOrdersTest.java:44)
                        	at sun.reflect.NativeMethodAccessorImpl.invoke0(Native Method)
                        	at sun.reflect.NativeMethodAccessorImpl.invoke(NativeMethodAccessorImpl.java:62)
                        	at sun.reflect.DelegatingMethodAccessorImpl.invoke(DelegatingMethodAccessorImpl.java:43)
                        	at java.lang.reflect.Method.invoke(Method.java:483)
                        	at org.testng.internal.MethodInvocationHelper.invokeMethod(MethodInvocationHelper.java:85)
                        	at org.testng.internal.Invoker.invokeMethod(Invoker.java:639)
                        	at org.testng.internal.Invoker.invokeTestMethod(Invoker.java:821)
                        	at org.testng.internal.Invoker.invokeTestMethods(Invoker.java:1131)
                        	at org.testng.internal.TestMethodWorker.invokeTestMethods(TestMethodWorker.java:124)
                        	at org.testng.internal.TestMethodWorker.run(TestMethodWorker.java:108)
                        	at org.testng.TestRunner.privateRun(TestRunner.java:773)
                        	at org.testng.TestRunner.run(TestRunner.java:623)
                        	at org.testng.SuiteRunner.runTest(SuiteRunner.java:357)
                        	at org.testng.SuiteRunner.access$000(SuiteRunner.java:39)
                        	at org.testng.SuiteRunner$SuiteWorker.run(SuiteRunner.java:391)
                        	at org.testng.internal.thread.ThreadUtil$2.call(ThreadUtil.java:64)
                        	at java.util.concurrent.FutureTask.run(FutureTask.java:266)
                        	at java.util.concurrent.ThreadPoolExecutor.runWorker(ThreadPoolExecutor.java:1142)
                        	at java.util.concurrent.ThreadPoolExecutor$Worker.run(ThreadPoolExecutor.java:617)
                        	at java.lang.Thread.run(Thread.java:745)
                     </pre>
                  </div>
               </td>
            </tr>
            <tr id="com.hybrid.sessionsuite.MyOrdersTest_quit_byClass_PASS5_row"
                class="testMethodStatusPASS testMethodStatusCONF">
               <td width="100%" class="firstMethodCell">
                  <a onclick="toggleDetailsVisibility('com.hybrid.sessionsuite.MyOrdersTest_quit_byClass_PASS5_details')">quit()</a>
               </td>
               <td nowrap="true">23:12:45</td>
               <td nowrap="true" align="right">1s
                  
               </td>
               <td nowrap="true">
                   
                  
               </td>
            </tr>
            <tr>
               <td colspan="4" class="detailsBox">
                  <div id="com.hybrid.sessionsuite.MyOrdersTest_quit_byClass_PASS5_details"
                       class="testMethodDetails">
                     <div>
                        <b>Name: </b>quit
                     </div>
                     <div>
                        <b>Signature: </b>quit()[pri:0, instance:com.hybrid.sessionsuite.MyOrdersTest@1a2e526]
                     </div>
                     <div>
                        <b>Start time: </b>23:12:45
                     </div>
                     <div>
                        <b>End time: </b>23:12:46
                     </div>
                     <div>
                        <b>Duration: </b>1s
                        
                     </div>
                  </div>
               </td>
            </tr>
            <tr></tr>
         </table>
         <br></br>
      </div>
      <div style="margin-top: 15px; color: gray; text-align: center; font-size: 9px;">
         Generated with
         
         <a href="http://code.google.com/p/testng-xslt/" style="color: #8888aa;"
            target="_blank">
            TestNG XSLT
            
         </a>
      </div>
   </body>
</html>